<?xml version="1.0" encoding="UTF-8"?>
<!-- Generated by org.testng.reporters.JUnitXMLReporter -->
<testsuite ignored="3" hostname="FX505DT-FX505DT" failures="0" tests="1" name="Default test" time="3.452" errors="0" timestamp="2025-07-30T18:54:29 ICT">
  <testcase classname="automation.testsuite.BTVN_Day8_2" name="findFouthElement_Pass" time="3.365"/>
  <testcase classname="automation.testsuite.BTVN_Day8_2" name="findFirstElement_Name" time="0.0">
    <ignored/>
  </testcase> <!-- findFirstElement_Name -->
  <testcase classname="automation.testsuite.BTVN_Day8_2" name="findThirdElement_Email" time="0.0">
    <ignored/>
  </testcase> <!-- findThirdElement_Email -->
  <testcase classname="automation.testsuite.BTVN_Day8_2" name="findSecondElement_Address" time="0.0">
    <ignored/>
  </testcase> <!-- findSecondElement_Address -->
</testsuite> <!-- Default test -->
