<?xml version="1.0" encoding="UTF-8"?>
<!-- Generated by org.testng.reporters.JUnitXMLReporter -->
<testsuite ignored="0" hostname="FX505DT-FX505DT" failures="0" tests="6" name="Default test" time="57.374" errors="0" timestamp="2025-08-15T12:04:36 ICT">
  <testcase classname="automation.testsuite.Day13_Practice" name="loginFail_IncorrectEmail" time="1.48"/>
  <testcase classname="automation.testsuite.Day13_Practice" name="loginFail_IncorrectEmailAndPass" time="1.354"/>
  <testcase classname="automation.testsuite.Day13_Practice" name="loginFail_IncorrectPass" time="1.296"/>
  <testcase classname="automation.testsuite.Day13_Practice" name="loginFunction_Successfull" time="1.45"/>
  <testcase classname="automation.testsuite.Day13_Practice" name="logout_cancel" time="9.398"/>
  <testcase classname="automation.testsuite.Day13_Practice" name="logout_success" time="9.465"/>
</testsuite> <!-- Default test -->
