<?xml version="1.0" encoding="UTF-8"?>
<testng-results ignored="3" total="4" passed="1" failed="0" skipped="0">
  <reporter-output>
  </reporter-output>
  <suite started-at="2025-07-28T20:55:51 ICT" name="Default suite" finished-at="2025-07-28T20:56:20 ICT" duration-ms="28767">
    <groups>
    </groups>
    <test started-at="2025-07-28T20:55:51 ICT" name="Default test" finished-at="2025-07-28T20:56:20 ICT" duration-ms="28767">
      <class name="automation.testsuite.BTVN_Day8_2">
        <test-method signature="findFouthElement_Pass()[pri:0, instance:automation.testsuite.BTVN_Day8_2@25ce9dc4]" started-at="2025-07-28T20:55:51 ICT" name="findFouthElement_Pass" finished-at="2025-07-28T20:56:20 ICT" duration-ms="28695" status="PASS">
          <reporter-output>
          </reporter-output>
        </test-method> <!-- findFouthElement_Pass -->
      </class> <!-- automation.testsuite.BTVN_Day8_2 -->
    </test> <!-- Default test -->
  </suite> <!-- Default suite -->
</testng-results>
