<?xml version="1.0" encoding="UTF-8"?>
<!-- Generated by org.testng.reporters.JUnitXMLReporter -->
<testsuite ignored="0" hostname="FX505DT-FX505DT" failures="0" tests="2" name="Regression Test on Chrome" time="28.929" errors="0" timestamp="2025-09-08T21:03:35 GMT+07:00">
  <testcase classname="automation.testsuite.Day18_Practice_1" name="testZaloIcon" time="6.287"/>
  <testcase classname="automation.testsuite.Day18_Practice_2" name="checkZaloChat" time="6.442"/>
</testsuite> <!-- Regression Test on Chrome -->
