<?xml version="1.0" encoding="UTF-8"?>
<!-- Generated by org.testng.reporters.JUnitXMLReporter -->
<testsuite ignored="0" hostname="FX505DT-FX505DT" failures="0" tests="2" name="Regression Test on Firefox" time="40.772" errors="0" timestamp="2025-09-08T21:04:46 GMT+07:00">
  <testcase classname="automation.testsuite.Day18_Practice_1" name="testZaloIcon" time="6.983"/>
  <testcase classname="automation.testsuite.Day18_Practice_2" name="checkZaloChat" time="6.58"/>
</testsuite> <!-- Regression Test on Firefox -->
