<?xml version="1.0" encoding="UTF-8"?>
<!-- Generated by org.testng.reporters.JUnitXMLReporter -->
<testsuite ignored="0" hostname="FX505DT-FX505DT" failures="0" tests="3" name="Regression Test on Firefox" time="54.875" errors="0" timestamp="2025-09-07T20:53:05 GMT+07:00">
  <testcase classname="automation.testsuite.Day17_iFrame" name="handleIframe" time="1.817"/>
  <testcase classname="automation.testsuite.Alada_LoginTest" name="loginSuccessfully" time="2.469"/>
  <testcase classname="automation.testsuite.Alada_LoginTest" name="logoutSuccessfully" time="0.0">
    <skipped/>
  </testcase> <!-- logoutSuccessfully -->
</testsuite> <!-- Regression Test on Firefox -->
