<?xml version="1.0" encoding="UTF-8"?>
<!-- Generated by org.testng.reporters.JUnitXMLReporter -->
<testsuite ignored="0" hostname="FX505DT-FX505DT" failures="0" tests="3" name="Regression Test on Egde" time="16.615" errors="0" timestamp="2025-09-07T20:52:10 GMT+07:00">
  <testcase classname="automation.testsuite.Day17_iFrame" name="handleIframe" time="1.522"/>
  <testcase classname="automation.testsuite.Alada_LoginTest" name="loginSuccessfully" time="1.787"/>
  <testcase classname="automation.testsuite.Alada_LoginTest" name="logoutSuccessfully" time="2.556"/>
</testsuite> <!-- Regression Test on Egde -->
